# JRE version: Java(TM) SE Runtime Environment (8.0_73-b02) (build 1.8.0_73-b02)
# Java VM: Java HotSpot(TM) 64-Bit Server VM (25.73-b02 mixed mode windows-amd64 compressed oops)
Heap:
 PSYoungGen      total 305664K, used 293692K [0x000000066af80000, 0x0000000680480000, 0x00000007c0000000)
  eden space 262144K, 96% used [0x000000066af80000,0x000000067a7301f8,0x000000067af80000)
  from space 43520K, 92% used [0x000000067da00000,0x000000068011f110,0x0000000680480000)
  to   space 43520K, 97% used [0x000000067af80000,0x000000067d8dce28,0x000000067da00000)
 ParOldGen       total 699392K, used 209009K [0x00000003c0e00000, 0x00000003eb900000, 0x000000066af80000)
  object space 699392K, 29% used [0x00000003c0e00000,0x00000003cda1c550,0x00000003eb900000)
 Metaspace       used 18120K, capacity 18322K, committed 18560K, reserved 1064960K
  class space    used 2285K, capacity 2343K, committed 2432K, reserved 1048576K
GC Heap History (5 events):
Event: 48.598 GC heap before
{Heap before GC invocations=1 (full 0):
 PSYoungGen      total 305664K, used 257226K [0x000000066af80000, 0x0000000680480000, 0x00000007c0000000)
  eden space 262144K, 98% used [0x000000066af80000,0x000000067aab2b08,0x000000067af80000)
  from space 43520K, 0% used [0x000000067da00000,0x000000067da00000,0x0000000680480000)
  to   space 43520K, 0% used [0x000000067af80000,0x000000067af80000,0x000000067da00000)
 ParOldGen       total 699392K, used 0K [0x00000003c0e00000, 0x00000003eb900000, 0x000000066af80000)
  object space 699392K, 0% used [0x00000003c0e00000,0x00000003c0e00000,0x00000003eb900000)
 Metaspace       used 17506K, capacity 17788K, committed 18048K, reserved 1064960K
  class space    used 2257K, capacity 2338K, committed 2432K, reserved 1048576K
Event: 48.609 GC heap after
Heap after GC invocations=1 (full 0):
 PSYoungGen      total 305664K, used 30918K [0x000000066af80000, 0x0000000680480000, 0x00000007c0000000)
  eden space 262144K, 0% used [0x000000066af80000,0x000000066af80000,0x000000067af80000)
  from space 43520K, 71% used [0x000000067af80000,0x000000067cdb18d0,0x000000067da00000)
  to   space 43520K, 0% used [0x000000067da00000,0x000000067da00000,0x0000000680480000)
 ParOldGen       total 699392K, used 96K [0x00000003c0e00000, 0x00000003eb900000, 0x000000066af80000)
  object space 699392K, 0% used [0x00000003c0e00000,0x00000003c0e18010,0x00000003eb900000)
 Metaspace       used 17506K, capacity 17788K, committed 18048K, reserved 1064960K
  class space    used 2257K, capacity 2338K, committed 2432K, reserved 1048576K
}
Event: 59.745 GC heap before
{Heap before GC invocations=2 (full 0):
 PSYoungGen      total 305664K, used 293062K [0x000000066af80000, 0x0000000680480000, 0x00000007c0000000)
  eden space 262144K, 100% used [0x000000066af80000,0x000000067af80000,0x000000067af80000)
  from space 43520K, 71% used [0x000000067af80000,0x000000067cdb18d0,0x000000067da00000)
  to   space 43520K, 0% used [0x000000067da00000,0x000000067da00000,0x0000000680480000)
 ParOldGen       total 699392K, used 96K [0x00000003c0e00000, 0x00000003eb900000, 0x000000066af80000)
  object space 699392K, 0% used [0x00000003c0e00000,0x00000003c0e18010,0x00000003eb900000)
 Metaspace       used 17701K, capacity 17922K, committed 18304K, reserved 1064960K
  class space    used 2266K, capacity 2339K, committed 2432K, reserved 1048576K
Event: 59.753 GC heap after
Heap after GC invocations=2 (full 0):
 PSYoungGen      total 305664K, used 40060K [0x000000066af80000, 0x0000000680480000, 0x00000007c0000000)
  eden space 262144K, 0% used [0x000000066af80000,0x000000066af80000,0x000000067af80000)
  from space 43520K, 92% used [0x000000067da00000,0x000000068011f110,0x0000000680480000)
  to   space 43520K, 0% used [0x000000067af80000,0x000000067af80000,0x000000067da00000)
 ParOldGen       total 699392K, used 104K [0x00000003c0e00000, 0x00000003eb900000, 0x000000066af80000)
  object space 699392K, 0% used [0x00000003c0e00000,0x00000003c0e1a010,0x00000003eb900000)
 Metaspace       used 17701K, capacity 17922K, committed 18304K, reserved 1064960K
  class space    used 2266K, capacity 2339K, committed 2432K, reserved 1048576K
}
Event: 31983.487 GC heap before
{Heap before GC invocations=3 (full 0):
 PSYoungGen      total 305664K, used 293692K [0x000000066af80000, 0x0000000680480000, 0x00000007c0000000)
  eden space 262144K, 96% used [0x000000066af80000,0x000000067a7301f8,0x000000067af80000)
  from space 43520K, 92% used [0x000000067da00000,0x000000068011f110,0x0000000680480000)
  to   space 43520K, 0% used [0x000000067af80000,0x000000067af80000,0x000000067da00000)
 ParOldGen       total 699392K, used 104K [0x00000003c0e00000, 0x00000003eb900000, 0x000000066af80000)
  object space 699392K, 0% used [0x00000003c0e00000,0x00000003c0e1a010,0x00000003eb900000)
 Metaspace       used 18120K, capacity 18322K, committed 18560K, reserved 1064960K
  class space    used 2285K, capacity 2343K, committed 2432K, reserved 1048576K

